# JRE version: Java(TM) SE Runtime Environment (8.0_05-b13) (build 1.8.0_05-b13)
# Java VM: Java HotSpot(TM) 64-Bit Server VM (25.5-b02 mixed mode windows-amd64 compressed oops)
Heap:
 PSYoungGen      total 200192K, used 133657K [0x00000000f0000000, 0x00000000fec00000, 0x0000000100000000)
  eden space 162816K, 69% used [0x00000000f0000000,0x00000000f6eaf678,0x00000000f9f00000)
  from space 37376K, 54% used [0x00000000fc780000,0x00000000fdb58000,0x00000000fec00000)
  to   space 39424K, 0% used [0x00000000f9f00000,0x00000000f9f00000,0x00000000fc580000)
 ParOldGen       total 160768K, used 147534K [0x00000000d0000000, 0x00000000d9d00000, 0x00000000f0000000)
  object space 160768K, 91% used [0x00000000d0000000,0x00000000d90139a0,0x00000000d9d00000)
 Metaspace       used 81090K, capacity 86198K, committed 86272K, reserved 1124352K
  class space    used 9827K, capacity 11212K, committed 11264K, reserved 1048576K
GC Heap History (10 events):
Event: 2334.584 GC heap before
{Heap before GC invocations=96 (full 10):
 PSYoungGen      total 200192K, used 166368K [0x00000000f0000000, 0x00000000ff500000, 0x0000000100000000)
  eden space 148992K, 100% used [0x00000000f0000000,0x00000000f9180000,0x00000000f9180000)
  from space 51200K, 33% used [0x00000000f9180000,0x00000000fa278000,0x00000000fc380000)
  to   space 49152K, 0% used [0x00000000fc500000,0x00000000fc500000,0x00000000ff500000)
 ParOldGen       total 160768K, used 143622K [0x00000000d0000000, 0x00000000d9d00000, 0x00000000f0000000)
  object space 160768K, 89% used [0x00000000d0000000,0x00000000d8c41980,0x00000000d9d00000)
 Metaspace       used 79863K, capacity 84732K, committed 84992K, reserved 1124352K
  class space    used 9629K, capacity 10935K, committed 11008K, reserved 1048576K
Event: 2334.625 GC heap after
Heap after GC invocations=96 (full 10):
 PSYoungGen      total 198656K, used 18432K [0x00000000f0000000, 0x00000000ff100000, 0x0000000100000000)
  eden space 153600K, 0% used [0x00000000f0000000,0x00000000f0000000,0x00000000f9600000)
  from space 45056K, 40% used [0x00000000fc500000,0x00000000fd700000,0x00000000ff100000)
  to   space 46592K, 0% used [0x00000000f9600000,0x00000000f9600000,0x00000000fc380000)
 ParOldGen       total 160768K, used 143930K [0x00000000d0000000, 0x00000000d9d00000, 0x00000000f0000000)
  object space 160768K, 89% used [0x00000000d0000000,0x00000000d8c8e990,0x00000000d9d00000)
 Metaspace       used 79863K, capacity 84732K, committed 84992K, reserved 1124352K
  class space    used 9629K, capacity 10935K, committed 11008K, reserved 1048576K
}
Event: 2336.253 GC heap before
{Heap before GC invocations=97 (full 10):
 PSYoungGen      total 198656K, used 172032K [0x00000000f0000000, 0x00000000ff100000, 0x0000000100000000)
  eden space 153600K, 100% used [0x00000000f0000000,0x00000000f9600000,0x00000000f9600000)
  from space 45056K, 40% used [0x00000000fc500000,0x00000000fd700000,0x00000000ff100000)
  to   space 46592K, 0% used [0x00000000f9600000,0x00000000f9600000,0x00000000fc380000)
 ParOldGen       total 160768K, used 143930K [0x00000000d0000000, 0x00000000d9d00000, 0x00000000f0000000)
  object space 160768K, 89% used [0x00000000d0000000,0x00000000d8c8e990,0x00000000d9d00000)
 Metaspace       used 80026K, capacity 84978K, committed 84992K, reserved 1124352K
  class space    used 9668K, capacity 11003K, committed 11008K, reserved 1048576K
Event: 2336.298 GC heap after
Heap after GC invocations=97 (full 10):
 PSYoungGen      total 200192K, used 17088K [0x00000000f0000000, 0x00000000ff380000, 0x0000000100000000)
  eden space 153600K, 0% used [0x00000000f0000000,0x00000000f0000000,0x00000000f9600000)
  from space 46592K, 36% used [0x00000000f9600000,0x00000000fa6b0000,0x00000000fc380000)
  to   space 45056K, 0% used [0x00000000fc780000,0x00000000fc780000,0x00000000ff380000)
 ParOldGen       total 160768K, used 146290K [0x00000000d0000000, 0x00000000d9d00000, 0x00000000f0000000)
  object space 160768K, 90% used [0x00000000d0000000,0x00000000d8edc990,0x00000000d9d00000)
 Metaspace       used 80026K, capacity 84978K, committed 84992K, reserved 1124352K
  class space    used 9668K, capacity 11003K, committed 11008K, reserved 1048576K
}
Event: 2350.795 GC heap before
{Heap before GC invocations=98 (full 10):
 PSYoungGen      total 200192K, used 170688K [0x00000000f0000000, 0x00000000ff380000, 0x0000000100000000)
  eden space 153600K, 100% used [0x00000000f0000000,0x00000000f9600000,0x00000000f9600000)
  from space 46592K, 36% used [0x00000000f9600000,0x00000000fa6b0000,0x00000000fc380000)
  to   space 45056K, 0% used [0x00000000fc780000,0x00000000fc780000,0x00000000ff380000)
 ParOldGen       total 160768K, used 146290K [0x00000000d0000000, 0x00000000d9d00000, 0x00000000f0000000)
  object space 160768K, 90% used [0x00000000d0000000,0x00000000d8edc990,0x00000000d9d00000)
 Metaspace       used 80277K, capacity 85310K, committed 85376K, reserved 1124352K
  class space    used 9718K, capacity 11075K, committed 11136K, reserved 1048576K
Event: 2350.852 GC heap after
Heap after GC invocations=98 (full 10):
 PSYoungGen      total 200192K, used 16480K [0x00000000f0000000, 0x00000000ff000000, 0x0000000100000000)
  eden space 158720K, 0% used [0x00000000f0000000,0x00000000f0000000,0x00000000f9b00000)
  from space 41472K, 39% used [0x00000000fc780000,0x00000000fd798000,0x00000000ff000000)
  to   space 43520K, 0% used [0x00000000f9b00000,0x00000000f9b00000,0x00000000fc580000)
 ParOldGen       total 160768K, used 147326K [0x00000000d0000000, 0x00000000d9d00000, 0x00000000f0000000)
  object space 160768K, 91% used [0x00000000d0000000,0x00000000d8fdf9a0,0x00000000d9d00000)
 Metaspace       used 80277K, capacity 85310K, committed 85376K, reserved 1124352K
  class space    used 9718K, capacity 11075K, committed 11136K, reserved 1048576K
}
Event: 2411.990 GC heap before
{Heap before GC invocations=99 (full 10):
 PSYoungGen      total 200192K, used 175200K [0x00000000f0000000, 0x00000000ff000000, 0x0000000100000000)
  eden space 158720K, 100% used [0x00000000f0000000,0x00000000f9b00000,0x00000000f9b00000)
  from space 41472K, 39% used [0x00000000fc780000,0x00000000fd798000,0x00000000ff000000)
  to   space 43520K, 0% used [0x00000000f9b00000,0x00000000f9b00000,0x00000000fc580000)
 ParOldGen       total 160768K, used 147326K [0x00000000d0000000, 0x00000000d9d00000, 0x00000000f0000000)
  object space 160768K, 91% used [0x00000000d0000000,0x00000000d8fdf9a0,0x00000000d9d00000)
 Metaspace       used 80367K, capacity 85384K, committed 85632K, reserved 1124352K
  class space    used 9720K, capacity 11077K, committed 11136K, reserved 1048576K
Event: 2412.050 GC heap after
Heap after GC invocations=99 (full 10):
 PSYoungGen      total 202240K, used 18656K [0x00000000f0000000, 0x00000000ff000000, 0x0000000100000000)
  eden space 158720K, 0% used [0x00000000f0000000,0x00000000f0000000,0x00000000f9b00000)
  from space 43520K, 42% used [0x00000000f9b00000,0x00000000fad38000,0x00000000fc580000)
  to   space 41472K, 0% used [0x00000000fc780000,0x00000000fc780000,0x00000000ff000000)
 ParOldGen       total 160768K, used 147414K [0x00000000d0000000, 0x00000000d9d00000, 0x00000000f0000000)
  object space 160768K, 91% used [0x00000000d0000000,0x00000000d8ff59a0,0x00000000d9d00000)
 Metaspace       used 80367K, capacity 85384K, committed 85632K, reserved 1124352K
  class space    used 9720K, capacity 11077K, committed 11136K, reserved 1048576K
}
Event: 2423.483 GC heap before
{Heap before GC invocations=100 (full 10):
 PSYoungGen      total 202240K, used 177376K [0x00000000f0000000, 0x00000000ff000000, 0x0000000100000000)
  eden space 158720K, 100% used [0x00000000f0000000,0x00000000f9b00000,0x00000000f9b00000)
  from space 43520K, 42% used [0x00000000f9b00000,0x00000000fad38000,0x00000000fc580000)
  to   space 41472K, 0% used [0x00000000fc780000,0x00000000fc780000,0x00000000ff000000)
 ParOldGen       total 160768K, used 147414K [0x00000000d0000000, 0x00000000d9d00000, 0x00000000f0000000)
  object space 160768K, 91% used [0x00000000d0000000,0x00000000d8ff59a0,0x00000000d9d00000)
 Metaspace       used 80610K, capacity 85704K, committed 86016K, reserved 1124352K
  class space    used 9772K, capacity 11156K, committed 11264K, reserved 1048576K
Event: 2423.590 GC heap after
Heap after GC invocations=100 (full 10):
 PSYoungGen      total 200192K, used 20320K [0x00000000f0000000, 0x00000000fec00000, 0x0000000100000000)
  eden space 162816K, 0% used [0x00000000f0000000,0x00000000f0000000,0x00000000f9f00000)
  from space 37376K, 54% used [0x00000000fc780000,0x00000000fdb58000,0x00000000fec00000)
  to   space 39424K, 0% used [0x00000000f9f00000,0x00000000f9f00000,0x00000000fc580000)
 ParOldGen       total 160768K, used 147534K [0x00000000d0000000, 0x00000000d9d00000, 0x00000000f0000000)
  object space 160768K, 91% used [0x00000000d0000000,0x00000000d90139a0,0x00000000d9d00000)
 Metaspace       used 80610K, capacity 85704K, committed 86016K, reserved 1124352K
  class space    used 9772K, capacity 11156K, committed 11264K, reserved 1048576K
}

