# JRE version: Java(TM) SE Runtime Environment (8.0_05-b13) (build 1.8.0_05-b13)
# Java VM: Java HotSpot(TM) 64-Bit Server VM (25.5-b02 mixed mode windows-amd64 compressed oops)
Heap:
 PSYoungGen      total 179712K, used 162022K [0x00000000f0000000, 0x00000000fbb80000, 0x0000000100000000)
  eden space 169472K, 91% used [0x00000000f0000000,0x00000000f975b210,0x00000000fa580000)
  from space 10240K, 68% used [0x00000000fb180000,0x00000000fb85e9c0,0x00000000fbb80000)
  to   space 11264K, 0% used [0x00000000fa580000,0x00000000fa580000,0x00000000fb080000)
 ParOldGen       total 64000K, used 51214K [0x00000000d0000000, 0x00000000d3e80000, 0x00000000f0000000)
  object space 64000K, 80% used [0x00000000d0000000,0x00000000d3203a40,0x00000000d3e80000)
 Metaspace       used 41916K, capacity 43746K, committed 44016K, reserved 1087488K
  class space    used 4591K, capacity 5081K, committed 5120K, reserved 1048576K
GC Heap History (10 events):
Event: 56.993 GC heap before
{Heap before GC invocations=34 (full 1):
 PSYoungGen      total 132608K, used 41814K [0x00000000f0000000, 0x00000000f8c80000, 0x0000000100000000)
  eden space 122368K, 29% used [0x00000000f0000000,0x00000000f2372850,0x00000000f7780000)
  from space 10240K, 53% used [0x00000000f8280000,0x00000000f87e3110,0x00000000f8c80000)
  to   space 10752K, 0% used [0x00000000f7780000,0x00000000f7780000,0x00000000f8200000)
 ParOldGen       total 64000K, used 40897K [0x00000000d0000000, 0x00000000d3e80000, 0x00000000f0000000)
  object space 64000K, 63% used [0x00000000d0000000,0x00000000d27f07d0,0x00000000d3e80000)
 Metaspace       used 33525K, capacity 35138K, committed 35312K, reserved 1081344K
  class space    used 3748K, capacity 4236K, committed 4352K, reserved 1048576K
Event: 57.022 GC heap after
Heap after GC invocations=34 (full 1):
 PSYoungGen      total 133120K, used 1263K [0x00000000f0000000, 0x00000000fa180000, 0x0000000100000000)
  eden space 122368K, 0% used [0x00000000f0000000,0x00000000f0000000,0x00000000f7780000)
  from space 10752K, 11% used [0x00000000f7780000,0x00000000f78bbe90,0x00000000f8200000)
  to   space 10752K, 0% used [0x00000000f9700000,0x00000000f9700000,0x00000000fa180000)
 ParOldGen       total 64000K, used 44998K [0x00000000d0000000, 0x00000000d3e80000, 0x00000000f0000000)
  object space 64000K, 70% used [0x00000000d0000000,0x00000000d2bf1b08,0x00000000d3e80000)
 Metaspace       used 33525K, capacity 35138K, committed 35312K, reserved 1081344K
  class space    used 3748K, capacity 4236K, committed 4352K, reserved 1048576K
}
Event: 57.022 GC heap before
{Heap before GC invocations=35 (full 2):
 PSYoungGen      total 133120K, used 1263K [0x00000000f0000000, 0x00000000fa180000, 0x0000000100000000)
  eden space 122368K, 0% used [0x00000000f0000000,0x00000000f0000000,0x00000000f7780000)
  from space 10752K, 11% used [0x00000000f7780000,0x00000000f78bbe90,0x00000000f8200000)
  to   space 10752K, 0% used [0x00000000f9700000,0x00000000f9700000,0x00000000fa180000)
 ParOldGen       total 64000K, used 44998K [0x00000000d0000000, 0x00000000d3e80000, 0x00000000f0000000)
  object space 64000K, 70% used [0x00000000d0000000,0x00000000d2bf1b08,0x00000000d3e80000)
 Metaspace       used 33525K, capacity 35138K, committed 35312K, reserved 1081344K
  class space    used 3748K, capacity 4236K, committed 4352K, reserved 1048576K
Event: 57.259 GC heap after
Heap after GC invocations=35 (full 2):
 PSYoungGen      total 133120K, used 0K [0x00000000f0000000, 0x00000000fa180000, 0x0000000100000000)
  eden space 122368K, 0% used [0x00000000f0000000,0x00000000f0000000,0x00000000f7780000)
  from space 10752K, 0% used [0x00000000f7780000,0x00000000f7780000,0x00000000f8200000)
  to   space 10752K, 0% used [0x00000000f9700000,0x00000000f9700000,0x00000000fa180000)
 ParOldGen       total 64000K, used 39675K [0x00000000d0000000, 0x00000000d3e80000, 0x00000000f0000000)
  object space 64000K, 61% used [0x00000000d0000000,0x00000000d26beee8,0x00000000d3e80000)
 Metaspace       used 33524K, capacity 35132K, committed 35312K, reserved 1081344K
  class space    used 3747K, capacity 4235K, committed 4352K, reserved 1048576K
}
Event: 58.909 GC heap before
{Heap before GC invocations=36 (full 2):
 PSYoungGen      total 133120K, used 122368K [0x00000000f0000000, 0x00000000fa180000, 0x0000000100000000)
  eden space 122368K, 100% used [0x00000000f0000000,0x00000000f7780000,0x00000000f7780000)
  from space 10752K, 0% used [0x00000000f7780000,0x00000000f7780000,0x00000000f8200000)
  to   space 10752K, 0% used [0x00000000f9700000,0x00000000f9700000,0x00000000fa180000)
 ParOldGen       total 64000K, used 39675K [0x00000000d0000000, 0x00000000d3e80000, 0x00000000f0000000)
  object space 64000K, 61% used [0x00000000d0000000,0x00000000d26beee8,0x00000000d3e80000)
 Metaspace       used 35955K, capacity 37670K, committed 37744K, reserved 1083392K
  class space    used 3974K, capacity 4443K, committed 4480K, reserved 1048576K
Event: 58.942 GC heap after
Heap after GC invocations=36 (full 2):
 PSYoungGen      total 154624K, used 6893K [0x00000000f0000000, 0x00000000fa300000, 0x0000000100000000)
  eden space 143872K, 0% used [0x00000000f0000000,0x00000000f0000000,0x00000000f8c80000)
  from space 10752K, 64% used [0x00000000f9700000,0x00000000f9dbb5d8,0x00000000fa180000)
  to   space 10752K, 0% used [0x00000000f8c80000,0x00000000f8c80000,0x00000000f9700000)
 ParOldGen       total 64000K, used 39683K [0x00000000d0000000, 0x00000000d3e80000, 0x00000000f0000000)
  object space 64000K, 62% used [0x00000000d0000000,0x00000000d26c0ee8,0x00000000d3e80000)
 Metaspace       used 35955K, capacity 37670K, committed 37744K, reserved 1083392K
  class space    used 3974K, capacity 4443K, committed 4480K, reserved 1048576K
}
Event: 60.545 GC heap before
{Heap before GC invocations=37 (full 2):
 PSYoungGen      total 154624K, used 150765K [0x00000000f0000000, 0x00000000fa300000, 0x0000000100000000)
  eden space 143872K, 100% used [0x00000000f0000000,0x00000000f8c80000,0x00000000f8c80000)
  from space 10752K, 64% used [0x00000000f9700000,0x00000000f9dbb5d8,0x00000000fa180000)
  to   space 10752K, 0% used [0x00000000f8c80000,0x00000000f8c80000,0x00000000f9700000)
 ParOldGen       total 64000K, used 39683K [0x00000000d0000000, 0x00000000d3e80000, 0x00000000f0000000)
  object space 64000K, 62% used [0x00000000d0000000,0x00000000d26c0ee8,0x00000000d3e80000)
 Metaspace       used 37300K, capacity 39006K, committed 39152K, reserved 1083392K
  class space    used 4125K, capacity 4608K, committed 4608K, reserved 1048576K
Event: 60.579 GC heap after
Heap after GC invocations=37 (full 2):
 PSYoungGen      total 154624K, used 6283K [0x00000000f0000000, 0x00000000fbc80000, 0x0000000100000000)
  eden space 143872K, 0% used [0x00000000f0000000,0x00000000f0000000,0x00000000f8c80000)
  from space 10752K, 58% used [0x00000000f8c80000,0x00000000f92a2f88,0x00000000f9700000)
  to   space 11264K, 0% used [0x00000000fb180000,0x00000000fb180000,0x00000000fbc80000)
 ParOldGen       total 64000K, used 45691K [0x00000000d0000000, 0x00000000d3e80000, 0x00000000f0000000)
  object space 64000K, 71% used [0x00000000d0000000,0x00000000d2c9efa0,0x00000000d3e80000)
 Metaspace       used 37300K, capacity 39006K, committed 39152K, reserved 1083392K
  class space    used 4125K, capacity 4608K, committed 4608K, reserved 1048576K
}
Event: 62.833 GC heap before
{Heap before GC invocations=38 (full 2):
 PSYoungGen      total 154624K, used 141084K [0x00000000f0000000, 0x00000000fbc80000, 0x0000000100000000)
  eden space 143872K, 93% used [0x00000000f0000000,0x00000000f83a40d0,0x00000000f8c80000)
  from space 10752K, 58% used [0x00000000f8c80000,0x00000000f92a2f88,0x00000000f9700000)
  to   space 11264K, 0% used [0x00000000fb180000,0x00000000fb180000,0x00000000fbc80000)
 ParOldGen       total 64000K, used 45691K [0x00000000d0000000, 0x00000000d3e80000, 0x00000000f0000000)
  object space 64000K, 71% used [0x00000000d0000000,0x00000000d2c9efa0,0x00000000d3e80000)
 Metaspace       used 39901K, capacity 41650K, committed 41840K, reserved 1085440K
  class space    used 4378K, capacity 4874K, committed 4992K, reserved 1048576K
Event: 62.877 GC heap after
Heap after GC invocations=38 (full 2):
 PSYoungGen      total 179712K, used 7034K [0x00000000f0000000, 0x00000000fbb80000, 0x0000000100000000)
  eden space 169472K, 0% used [0x00000000f0000000,0x00000000f0000000,0x00000000fa580000)
  from space 10240K, 68% used [0x00000000fb180000,0x00000000fb85e9c0,0x00000000fbb80000)
  to   space 11264K, 0% used [0x00000000fa580000,0x00000000fa580000,0x00000000fb080000)
 ParOldGen       total 64000K, used 51214K [0x00000000d0000000, 0x00000000d3e80000, 0x00000000f0000000)
  object space 64000K, 80% used [0x00000000d0000000,0x00000000d3203a40,0x00000000d3e80000)
 Metaspace       used 39901K, capacity 41650K, committed 41840K, reserved 1085440K
  class space    used 4378K, capacity 4874K, committed 4992K, reserved 1048576K
}

